<?xml version="1.0" encoding="UTF-8"?>
<!-- Generated by org.testng.reporters.JUnitReportReporter -->
<testsuite hostname="EGCA1-0091" failures="0" tests="9" name="start.Start" time="66.236" errors="0" timestamp="2022-01-10T01:05:28 EET" skipped="0">
  <testcase classname="start.Start" name="startApplication" time="19.671"/>
  <system-out/>
  <testcase classname="start.Start" name="login" time="5.365"/>
  <system-out/>
  <testcase classname="start.Start" name="chooseAllProducts" time="5.376"/>
  <system-out/>
  <testcase classname="start.Start" name="clickToPay" time="5.072"/>
  <system-out/>
  <testcase classname="start.Start" name="clickToCheckout" time="5.087"/>
  <system-out/>
  <testcase classname="start.Start" name="Checkout" time="5.348"/>
  <system-out/>
  <testcase classname="start.Start" name="finalizeCheckout" time="5.067"/>
  <system-out/>
  <testcase classname="start.Start" name="returnToHomePage" time="5.121"/>
  <system-out/>
  <testcase classname="start.Start" name="logout" time="10.129"/>
  <system-out/>
</testsuite> <!-- start.Start -->
